<?xml version="1.0" encoding="UTF-8"?>
<!-- Generated by org.testng.reporters.JUnitXMLReporter -->
<testsuite hostname="LAPTOP-A7368I91" ignored="0" name="Default test" tests="4" failures="0" timestamp="2021-06-19T15:50:10 IST" time="6.787" errors="0">
  <testcase name="AfterloginPage" time="2.275" classname="TestSuite.StatusCode"/>
  <testcase name="coursePage" time="1.702" classname="TestSuite.StatusCode"/>
  <testcase name="loginPage" time="1.322" classname="TestSuite.StatusCode"/>
  <testcase name="schedulePage" time="1.46" classname="TestSuite.StatusCode"/>
</testsuite> <!-- Default test -->
