<?xml version="1.0" encoding="UTF-8"?>
<testng-results skipped="0" failed="0" ignored="0" total="4" passed="4">
  <reporter-output>
  </reporter-output>
  <suite name="Default suite" duration-ms="6787" started-at="2021-06-19T15:50:03 IST" finished-at="2021-06-19T15:50:10 IST">
    <groups>
    </groups>
    <test name="Default test" duration-ms="6787" started-at="2021-06-19T15:50:03 IST" finished-at="2021-06-19T15:50:10 IST">
      <class name="TestSuite.StatusCode">
        <test-method status="PASS" signature="AfterloginPage()[pri:0, instance:TestSuite.StatusCode@9816741]" name="AfterloginPage" duration-ms="2275" started-at="2021-06-19T15:50:04 IST" finished-at="2021-06-19T15:50:06 IST">
          <reporter-output>
          </reporter-output>
        </test-method> <!-- AfterloginPage -->
        <test-method status="PASS" signature="coursePage()[pri:0, instance:TestSuite.StatusCode@9816741]" name="coursePage" duration-ms="1702" started-at="2021-06-19T15:50:06 IST" finished-at="2021-06-19T15:50:07 IST">
          <reporter-output>
          </reporter-output>
        </test-method> <!-- coursePage -->
        <test-method status="PASS" signature="loginPage()[pri:0, instance:TestSuite.StatusCode@9816741]" name="loginPage" duration-ms="1322" started-at="2021-06-19T15:50:07 IST" finished-at="2021-06-19T15:50:09 IST">
          <reporter-output>
          </reporter-output>
        </test-method> <!-- loginPage -->
        <test-method status="PASS" signature="schedulePage()[pri:0, instance:TestSuite.StatusCode@9816741]" name="schedulePage" duration-ms="1460" started-at="2021-06-19T15:50:09 IST" finished-at="2021-06-19T15:50:10 IST">
          <reporter-output>
          </reporter-output>
        </test-method> <!-- schedulePage -->
      </class> <!-- TestSuite.StatusCode -->
    </test> <!-- Default test -->
  </suite> <!-- Default suite -->
</testng-results>
