<?xml version="1.0" encoding="UTF-8"?>
<testng-results skipped="0" failed="0" ignored="0" total="1" passed="1">
  <reporter-output>
  </reporter-output>
  <suite name="Suite" duration-ms="4418" started-at="2021-06-17T16:26:17 IST" finished-at="2021-06-17T16:26:22 IST">
    <groups>
    </groups>
    <test name="MyFIrstTest" duration-ms="4418" started-at="2021-06-17T16:26:17 IST" finished-at="2021-06-17T16:26:22 IST">
      <class name="TestSuite.StatusCode">
        <test-method status="PASS" signature="loginPage()[pri:0, instance:TestSuite.StatusCode@527740a2]" name="loginPage" duration-ms="4322" started-at="2021-06-17T16:26:17 IST" finished-at="2021-06-17T16:26:22 IST">
          <reporter-output>
          </reporter-output>
        </test-method> <!-- loginPage -->
      </class> <!-- TestSuite.StatusCode -->
    </test> <!-- MyFIrstTest -->
  </suite> <!-- Suite -->
</testng-results>
